<?xml version="1.0" encoding="UTF-8"?>
<coverage generated="1707663537439" clover="3.2.0">
  <project timestamp="1707663537439" name="All files">
    <metrics statements="30" coveredstatements="23" conditionals="6" coveredconditionals="3" methods="14" coveredmethods="7" elements="50" coveredelements="33" complexity="0" loc="30" ncloc="30" packages="2" files="8" classes="8"/>
    <package name="components">
      <metrics statements="12" coveredstatements="11" conditionals="6" coveredconditionals="3" methods="6" coveredmethods="5"/>
      <file name="Contactus.js" path="C:\Users\muham\Desktop\react-sample\src\components\Contactus.js">
        <metrics statements="2" coveredstatements="2" conditionals="0" coveredconditionals="0" methods="1" coveredmethods="1"/>
        <line num="1" count="1" type="stmt"/>
        <line num="2" count="2" type="stmt"/>
      </file>
      <file name="Header.js" path="C:\Users\muham\Desktop\react-sample\src\components\Header.js">
        <metrics statements="8" coveredstatements="7" conditionals="6" coveredconditionals="3" methods="4" coveredmethods="3"/>
        <line num="9" count="1" type="stmt"/>
        <line num="10" count="4" type="stmt"/>
        <line num="12" count="4" type="stmt"/>
        <line num="13" count="4" type="stmt"/>
        <line num="14" count="7" type="stmt"/>
        <line num="15" count="4" type="stmt"/>
        <line num="21" count="0" type="stmt"/>
        <line num="41" count="1" type="cond" truecount="1" falsecount="1"/>
      </file>
      <file name="sum.js" path="C:\Users\muham\Desktop\react-sample\src\components\sum.js">
        <metrics statements="2" coveredstatements="2" conditionals="0" coveredconditionals="0" methods="1" coveredmethods="1"/>
        <line num="1" count="1" type="stmt"/>
        <line num="2" count="1" type="stmt"/>
      </file>
    </package>
    <package name="utils">
      <metrics statements="18" coveredstatements="12" conditionals="0" coveredconditionals="0" methods="8" coveredmethods="2"/>
      <file name="UserContext.js" path="C:\Users\muham\Desktop\react-sample\src\utils\UserContext.js">
        <metrics statements="1" coveredstatements="1" conditionals="0" coveredconditionals="0" methods="0" coveredmethods="0"/>
        <line num="3" count="1" type="stmt"/>
      </file>
      <file name="appStore.js" path="C:\Users\muham\Desktop\react-sample\src\utils\appStore.js">
        <metrics statements="1" coveredstatements="1" conditionals="0" coveredconditionals="0" methods="0" coveredmethods="0"/>
        <line num="4" count="1" type="stmt"/>
      </file>
      <file name="constants.js" path="C:\Users\muham\Desktop\react-sample\src\utils\constants.js">
        <metrics statements="2" coveredstatements="2" conditionals="0" coveredconditionals="0" methods="0" coveredmethods="0"/>
        <line num="1" count="1" type="stmt"/>
        <line num="3" count="1" type="stmt"/>
      </file>
      <file name="favoriteSlice.js" path="C:\Users\muham\Desktop\react-sample\src\utils\favoriteSlice.js">
        <metrics statements="6" coveredstatements="2" conditionals="0" coveredconditionals="0" methods="4" coveredmethods="0"/>
        <line num="3" count="1" type="stmt"/>
        <line num="11" count="0" type="stmt"/>
        <line num="14" count="0" type="stmt"/>
        <line num="15" count="0" type="stmt"/>
        <line num="18" count="0" type="stmt"/>
        <line num="26" count="1" type="stmt"/>
      </file>
      <file name="useGetOnlineStatus.js" path="C:\Users\muham\Desktop\react-sample\src\utils\useGetOnlineStatus.js">
        <metrics statements="8" coveredstatements="6" conditionals="0" coveredconditionals="0" methods="4" coveredmethods="2"/>
        <line num="3" count="1" type="stmt"/>
        <line num="4" count="4" type="stmt"/>
        <line num="5" count="4" type="stmt"/>
        <line num="6" count="3" type="stmt"/>
        <line num="7" count="0" type="stmt"/>
        <line num="9" count="3" type="stmt"/>
        <line num="10" count="0" type="stmt"/>
        <line num="15" count="4" type="stmt"/>
      </file>
    </package>
  </project>
</coverage>
