{"C:\\Users\\muham\\Desktop\\react-sample\\src\\components\\Contactus.js": {"path":"C:\\Users\\muham\\Desktop\\react-sample\\src\\components\\Contactus.js","statementMap":{"0":{"start":{"line":1,"column":18},"end":{"line":8,"column":1}},"1":{"start":{"line":2,"column":4},"end":{"line":7,"column":5}}},"fnMap":{"0":{"name":"(anonymous_0)","decl":{"start":{"line":1,"column":18},"end":{"line":1,"column":19}},"loc":{"start":{"line":1,"column":24},"end":{"line":8,"column":1}},"line":1}},"branchMap":{},"s":{"0":1,"1":2},"f":{"0":2},"b":{},"_coverageSchema":"1a1c01bbd47fc00a2c39e90264f33305004495a9","hash":"951397d28ce00c21c53b0b42c86b8a24ea3c984a"}
,"C:\\Users\\muham\\Desktop\\react-sample\\src\\components\\Header.js": {"path":"C:\\Users\\muham\\Desktop\\react-sample\\src\\components\\Header.js","statementMap":{"0":{"start":{"line":9,"column":15},"end":{"line":51,"column":2}},"1":{"start":{"line":10,"column":30},"end":{"line":10,"column":53}},"2":{"start":{"line":12,"column":29},"end":{"line":12,"column":46}},"3":{"start":{"line":13,"column":19},"end":{"line":13,"column":39}},"4":{"start":{"line":14,"column":16},"end":{"line":14,"column":53}},"5":{"start":{"line":14,"column":37},"end":{"line":14,"column":52}},"6":{"start":{"line":15,"column":4},"end":{"line":50,"column":6}},"7":{"start":{"line":21,"column":79},"end":{"line":21,"column":102}},"8":{"start":{"line":41,"column":23},"end":{"line":41,"column":81}}},"fnMap":{"0":{"name":"(anonymous_0)","decl":{"start":{"line":9,"column":15},"end":{"line":9,"column":16}},"loc":{"start":{"line":9,"column":20},"end":{"line":51,"column":2}},"line":9},"1":{"name":"(anonymous_1)","decl":{"start":{"line":14,"column":28},"end":{"line":14,"column":29}},"loc":{"start":{"line":14,"column":37},"end":{"line":14,"column":52}},"line":14},"2":{"name":"(anonymous_2)","decl":{"start":{"line":21,"column":74},"end":{"line":21,"column":75}},"loc":{"start":{"line":21,"column":79},"end":{"line":21,"column":102}},"line":21},"3":{"name":"(anonymous_3)","decl":{"start":{"line":40,"column":38},"end":{"line":40,"column":39}},"loc":{"start":{"line":40,"column":42},"end":{"line":42,"column":22}},"line":40}},"branchMap":{"0":{"loc":{"start":{"line":24,"column":35},"end":{"line":24,"column":86}},"type":"cond-expr","locations":[{"start":{"line":24,"column":55},"end":{"line":24,"column":71}},{"start":{"line":24,"column":72},"end":{"line":24,"column":86}}],"line":24},"1":{"loc":{"start":{"line":25,"column":25},"end":{"line":25,"column":66}},"type":"cond-expr","locations":[{"start":{"line":25,"column":46},"end":{"line":25,"column":54}},{"start":{"line":25,"column":57},"end":{"line":25,"column":66}}],"line":25},"2":{"loc":{"start":{"line":41,"column":23},"end":{"line":41,"column":81}},"type":"cond-expr","locations":[{"start":{"line":41,"column":43},"end":{"line":41,"column":61}},{"start":{"line":41,"column":64},"end":{"line":41,"column":81}}],"line":41}},"s":{"0":1,"1":4,"2":4,"3":4,"4":4,"5":7,"6":4,"7":0,"8":1},"f":{"0":4,"1":7,"2":0,"3":1},"b":{"0":[4,0],"1":[4,0],"2":[1,0]},"_coverageSchema":"1a1c01bbd47fc00a2c39e90264f33305004495a9","hash":"0727ec2380c86a638e77a0d3e19a464e8ce6248f"}
,"C:\\Users\\muham\\Desktop\\react-sample\\src\\components\\sum.js": {"path":"C:\\Users\\muham\\Desktop\\react-sample\\src\\components\\sum.js","statementMap":{"0":{"start":{"line":1,"column":19},"end":{"line":3,"column":1}},"1":{"start":{"line":2,"column":4},"end":{"line":2,"column":15}}},"fnMap":{"0":{"name":"(anonymous_0)","decl":{"start":{"line":1,"column":19},"end":{"line":1,"column":20}},"loc":{"start":{"line":1,"column":27},"end":{"line":3,"column":1}},"line":1}},"branchMap":{},"s":{"0":1,"1":1},"f":{"0":1},"b":{},"_coverageSchema":"1a1c01bbd47fc00a2c39e90264f33305004495a9","hash":"8a847eed067b3c0ec52c6cae305ca03dc0f877c5"}
,"C:\\Users\\muham\\Desktop\\react-sample\\src\\utils\\UserContext.js": {"path":"C:\\Users\\muham\\Desktop\\react-sample\\src\\utils\\UserContext.js","statementMap":{"0":{"start":{"line":3,"column":20},"end":{"line":7,"column":1}}},"fnMap":{},"branchMap":{},"s":{"0":1},"f":{},"b":{},"_coverageSchema":"1a1c01bbd47fc00a2c39e90264f33305004495a9","hash":"ee761fd14e64beca8a6f2f63f29f366013048a7f"}
,"C:\\Users\\muham\\Desktop\\react-sample\\src\\utils\\appStore.js": {"path":"C:\\Users\\muham\\Desktop\\react-sample\\src\\utils\\appStore.js","statementMap":{"0":{"start":{"line":4,"column":17},"end":{"line":8,"column":2}}},"fnMap":{},"branchMap":{},"s":{"0":1},"f":{},"b":{},"_coverageSchema":"1a1c01bbd47fc00a2c39e90264f33305004495a9","hash":"ee5b6ca39b17596ff849fa378941e68940020022"}
,"C:\\Users\\muham\\Desktop\\react-sample\\src\\utils\\constants.js": {"path":"C:\\Users\\muham\\Desktop\\react-sample\\src\\utils\\constants.js","statementMap":{"0":{"start":{"line":1,"column":25},"end":{"line":1,"column":108}},"1":{"start":{"line":3,"column":20},"end":{"line":3,"column":199}}},"fnMap":{},"branchMap":{},"s":{"0":1,"1":1},"f":{},"b":{},"_coverageSchema":"1a1c01bbd47fc00a2c39e90264f33305004495a9","hash":"b4390f3c2277b566b55a5e24810f41552f3f2933"}
,"C:\\Users\\muham\\Desktop\\react-sample\\src\\utils\\favoriteSlice.js": {"path":"C:\\Users\\muham\\Desktop\\react-sample\\src\\utils\\favoriteSlice.js","statementMap":{"0":{"start":{"line":3,"column":17},"end":{"line":22,"column":1}},"1":{"start":{"line":11,"column":16},"end":{"line":11,"column":48}},"2":{"start":{"line":14,"column":29},"end":{"line":14,"column":68}},"3":{"start":{"line":14,"column":51},"end":{"line":14,"column":67}},"4":{"start":{"line":15,"column":16},"end":{"line":15,"column":66}},"5":{"start":{"line":18,"column":16},"end":{"line":18,"column":38}},"6":{"start":{"line":26,"column":58},"end":{"line":26,"column":74}}},"fnMap":{"0":{"name":"(anonymous_0)","decl":{"start":{"line":10,"column":26},"end":{"line":10,"column":27}},"loc":{"start":{"line":10,"column":43},"end":{"line":12,"column":13}},"line":10},"1":{"name":"(anonymous_1)","decl":{"start":{"line":13,"column":29},"end":{"line":13,"column":30}},"loc":{"start":{"line":13,"column":46},"end":{"line":16,"column":13}},"line":13},"2":{"name":"(anonymous_2)","decl":{"start":{"line":14,"column":45},"end":{"line":14,"column":46}},"loc":{"start":{"line":14,"column":51},"end":{"line":14,"column":67}},"line":14},"3":{"name":"(anonymous_3)","decl":{"start":{"line":17,"column":28},"end":{"line":17,"column":29}},"loc":{"start":{"line":17,"column":45},"end":{"line":19,"column":13}},"line":17}},"branchMap":{},"s":{"0":1,"1":0,"2":0,"3":0,"4":0,"5":0,"6":1},"f":{"0":0,"1":0,"2":0,"3":0},"b":{},"_coverageSchema":"1a1c01bbd47fc00a2c39e90264f33305004495a9","hash":"e7c423c1d7f489852692d09e360b0d5669ec91fb"}
,"C:\\Users\\muham\\Desktop\\react-sample\\src\\utils\\useGetOnlineStatus.js": {"path":"C:\\Users\\muham\\Desktop\\react-sample\\src\\utils\\useGetOnlineStatus.js","statementMap":{"0":{"start":{"line":3,"column":26},"end":{"line":16,"column":1}},"1":{"start":{"line":4,"column":33},"end":{"line":4,"column":51}},"2":{"start":{"line":5,"column":4},"end":{"line":12,"column":11}},"3":{"start":{"line":6,"column":8},"end":{"line":8,"column":10}},"4":{"start":{"line":7,"column":12},"end":{"line":7,"column":32}},"5":{"start":{"line":9,"column":8},"end":{"line":11,"column":10}},"6":{"start":{"line":10,"column":12},"end":{"line":10,"column":33}},"7":{"start":{"line":15,"column":4},"end":{"line":15,"column":18}}},"fnMap":{"0":{"name":"(anonymous_0)","decl":{"start":{"line":3,"column":26},"end":{"line":3,"column":27}},"loc":{"start":{"line":3,"column":31},"end":{"line":16,"column":1}},"line":3},"1":{"name":"(anonymous_1)","decl":{"start":{"line":5,"column":14},"end":{"line":5,"column":15}},"loc":{"start":{"line":5,"column":18},"end":{"line":12,"column":5}},"line":5},"2":{"name":"(anonymous_2)","decl":{"start":{"line":6,"column":41},"end":{"line":6,"column":42}},"loc":{"start":{"line":6,"column":45},"end":{"line":8,"column":9}},"line":6},"3":{"name":"(anonymous_3)","decl":{"start":{"line":9,"column":42},"end":{"line":9,"column":43}},"loc":{"start":{"line":9,"column":46},"end":{"line":11,"column":9}},"line":9}},"branchMap":{},"s":{"0":1,"1":4,"2":4,"3":3,"4":0,"5":3,"6":0,"7":4},"f":{"0":4,"1":3,"2":0,"3":0},"b":{},"_coverageSchema":"1a1c01bbd47fc00a2c39e90264f33305004495a9","hash":"c2e06b1edb15b6c688a12112177027ec4f44bf64"}
}
